# JRE version: Java(TM) SE Runtime Environment (7.0_80-b15) (build 1.7.0_80-b15)
# Java VM: Java HotSpot(TM) 64-Bit Server VM (24.80-b11 mixed mode windows-amd64 compressed oops)
Heap
 PSYoungGen      total 218624K, used 147131K [0x00000007c1080000, 0x00000007d0780000, 0x0000000800000000)
  eden space 190464K, 64% used [0x00000007c1080000,0x00000007c889cee8,0x00000007cca80000)
  from space 28160K, 85% used [0x00000007cca80000,0x00000007ce211ea0,0x00000007ce600000)
  to   space 22016K, 0% used [0x00000007ce600000,0x00000007ce600000,0x00000007cfb80000)
 ParOldGen       total 174080K, used 61906K [0x0000000743200000, 0x000000074dc00000, 0x00000007c1080000)
  object space 174080K, 35% used [0x0000000743200000,0x0000000746e748f8,0x000000074dc00000)
 PSPermGen       total 53248K, used 45392K [0x000000073e000000, 0x0000000741400000, 0x0000000743200000)
  object space 53248K, 85% used [0x000000073e000000,0x0000000740c54330,0x0000000741400000)
GC Heap History (10 events):
Event: 5.173 GC heap before
{Heap before GC invocations=6 (full 0):
 PSYoungGen      total 105984K, used 105976K [0x00000007c1080000, 0x00000007cfb80000, 0x0000000800000000)
  eden space 98304K, 100% used [0x00000007c1080000,0x00000007c7080000,0x00000007c7080000)
  from space 7680K, 99% used [0x00000007c7080000,0x00000007c77fe060,0x00000007c7800000)
  to   space 22016K, 0% used [0x00000007ce600000,0x00000007ce600000,0x00000007cfb80000)
 ParOldGen       total 128512K, used 25532K [0x0000000743200000, 0x000000074af80000, 0x00000007c1080000)
  object space 128512K, 19% used [0x0000000743200000,0x0000000744aef0c8,0x000000074af80000)
 PSPermGen       total 26624K, used 26530K [0x000000073e000000, 0x000000073fa00000, 0x0000000743200000)
  object space 26624K, 99% used [0x000000073e000000,0x000000073f9e88a0,0x000000073fa00000)
Event: 5.196 GC heap after
Heap after GC invocations=6 (full 0):
 PSYoungGen      total 212480K, used 22005K [0x00000007c1080000, 0x00000007d0780000, 0x0000000800000000)
  eden space 190464K, 0% used [0x00000007c1080000,0x00000007c1080000,0x00000007cca80000)
  from space 22016K, 99% used [0x00000007ce600000,0x00000007cfb7d580,0x00000007cfb80000)
  to   space 28160K, 0% used [0x00000007cca80000,0x00000007cca80000,0x00000007ce600000)
 ParOldGen       total 128512K, used 30226K [0x0000000743200000, 0x000000074af80000, 0x00000007c1080000)
  object space 128512K, 23% used [0x0000000743200000,0x0000000744f849b0,0x000000074af80000)
 PSPermGen       total 26624K, used 26530K [0x000000073e000000, 0x000000073fa00000, 0x0000000743200000)
  object space 26624K, 99% used [0x000000073e000000,0x000000073f9e88a0,0x000000073fa00000)
}
Event: 6.297 GC heap before
{Heap before GC invocations=7 (full 0):
 PSYoungGen      total 212480K, used 212469K [0x00000007c1080000, 0x00000007d0780000, 0x0000000800000000)
  eden space 190464K, 100% used [0x00000007c1080000,0x00000007cca80000,0x00000007cca80000)
  from space 22016K, 99% used [0x00000007ce600000,0x00000007cfb7d580,0x00000007cfb80000)
  to   space 28160K, 0% used [0x00000007cca80000,0x00000007cca80000,0x00000007ce600000)
 ParOldGen       total 128512K, used 30226K [0x0000000743200000, 0x000000074af80000, 0x00000007c1080000)
  object space 128512K, 23% used [0x0000000743200000,0x0000000744f849b0,0x000000074af80000)
 PSPermGen       total 26624K, used 26550K [0x000000073e000000, 0x000000073fa00000, 0x0000000743200000)
  object space 26624K, 99% used [0x000000073e000000,0x000000073f9edad0,0x000000073fa00000)
Event: 6.374 GC heap after
Heap after GC invocations=7 (full 0):
 PSYoungGen      total 218624K, used 28145K [0x00000007c1080000, 0x00000007d0780000, 0x0000000800000000)
  eden space 190464K, 0% used [0x00000007c1080000,0x00000007c1080000,0x00000007cca80000)
  from space 28160K, 99% used [0x00000007cca80000,0x00000007ce5fc748,0x00000007ce600000)
  to   space 22016K, 0% used [0x00000007ce600000,0x00000007ce600000,0x00000007cfb80000)
 ParOldGen       total 128512K, used 57997K [0x0000000743200000, 0x000000074af80000, 0x00000007c1080000)
  object space 128512K, 45% used [0x0000000743200000,0x0000000746aa37d0,0x000000074af80000)
 PSPermGen       total 26624K, used 26550K [0x000000073e000000, 0x000000073fa00000, 0x0000000743200000)
  object space 26624K, 99% used [0x000000073e000000,0x000000073f9edad0,0x000000073fa00000)
}
Event: 7.654 GC heap before
{Heap before GC invocations=8 (full 0):
 PSYoungGen      total 218624K, used 218609K [0x00000007c1080000, 0x00000007d0780000, 0x0000000800000000)
  eden space 190464K, 100% used [0x00000007c1080000,0x00000007cca80000,0x00000007cca80000)
  from space 28160K, 99% used [0x00000007cca80000,0x00000007ce5fc748,0x00000007ce600000)
  to   space 22016K, 0% used [0x00000007ce600000,0x00000007ce600000,0x00000007cfb80000)
 ParOldGen       total 128512K, used 57997K [0x0000000743200000, 0x000000074af80000, 0x00000007c1080000)
  object space 128512K, 45% used [0x0000000743200000,0x0000000746aa37d0,0x000000074af80000)
 PSPermGen       total 26624K, used 26564K [0x000000073e000000, 0x000000073fa00000, 0x0000000743200000)
  object space 26624K, 99% used [0x000000073e000000,0x000000073f9f1248,0x000000073fa00000)
Event: 7.740 GC heap after
Heap after GC invocations=8 (full 0):
 PSYoungGen      total 212480K, used 21984K [0x00000007c1080000, 0x00000007d0780000, 0x0000000800000000)
  eden space 190464K, 0% used [0x00000007c1080000,0x00000007c1080000,0x00000007cca80000)
  from space 22016K, 99% used [0x00000007ce600000,0x00000007cfb78010,0x00000007cfb80000)
  to   space 28160K, 0% used [0x00000007cca80000,0x00000007cca80000,0x00000007ce600000)
 ParOldGen       total 128512K, used 104381K [0x0000000743200000, 0x000000074af80000, 0x00000007c1080000)
  object space 128512K, 81% used [0x0000000743200000,0x00000007497ef598,0x000000074af80000)
 PSPermGen       total 26624K, used 26564K [0x000000073e000000, 0x000000073fa00000, 0x0000000743200000)
  object space 26624K, 99% used [0x000000073e000000,0x000000073f9f1248,0x000000073fa00000)
}
Event: 7.740 GC heap before
{Heap before GC invocations=9 (full 1):
 PSYoungGen      total 212480K, used 21984K [0x00000007c1080000, 0x00000007d0780000, 0x0000000800000000)
  eden space 190464K, 0% used [0x00000007c1080000,0x00000007c1080000,0x00000007cca80000)
  from space 22016K, 99% used [0x00000007ce600000,0x00000007cfb78010,0x00000007cfb80000)
  to   space 28160K, 0% used [0x00000007cca80000,0x00000007cca80000,0x00000007ce600000)
 ParOldGen       total 128512K, used 104381K [0x0000000743200000, 0x000000074af80000, 0x00000007c1080000)
  object space 128512K, 81% used [0x0000000743200000,0x00000007497ef598,0x000000074af80000)
 PSPermGen       total 26624K, used 26564K [0x000000073e000000, 0x000000073fa00000, 0x0000000743200000)
  object space 26624K, 99% used [0x000000073e000000,0x000000073f9f1248,0x000000073fa00000)
Event: 8.077 GC heap after
Heap after GC invocations=9 (full 1):
 PSYoungGen      total 212480K, used 0K [0x00000007c1080000, 0x00000007d0780000, 0x0000000800000000)
  eden space 190464K, 0% used [0x00000007c1080000,0x00000007c1080000,0x00000007cca80000)
  from space 22016K, 0% used [0x00000007ce600000,0x00000007ce600000,0x00000007cfb80000)
  to   space 28160K, 0% used [0x00000007cca80000,0x00000007cca80000,0x00000007ce600000)
 ParOldGen       total 174080K, used 61906K [0x0000000743200000, 0x000000074dc00000, 0x00000007c1080000)
  object space 174080K, 35% used [0x0000000743200000,0x0000000746e748f8,0x000000074dc00000)
 PSPermGen       total 53248K, used 26552K [0x000000073e000000, 0x0000000741400000, 0x0000000743200000)
  object space 53248K, 49% used [0x000000073e000000,0x000000073f9ee188,0x0000000741400000)
}
Event: 10.996 GC heap before
{Heap before GC invocations=10 (full 1):
 PSYoungGen      total 212480K, used 190464K [0x00000007c1080000, 0x00000007d0780000, 0x0000000800000000)
  eden space 190464K, 100% used [0x00000007c1080000,0x00000007cca80000,0x00000007cca80000)
  from space 22016K, 0% used [0x00000007ce600000,0x00000007ce600000,0x00000007cfb80000)
  to   space 28160K, 0% used [0x00000007cca80000,0x00000007cca80000,0x00000007ce600000)
 ParOldGen       total 174080K, used 61906K [0x0000000743200000, 0x000000074dc00000, 0x00000007c1080000)
  object space 174080K, 35% used [0x0000000743200000,0x0000000746e748f8,0x000000074dc00000)
 PSPermGen       total 53248K, used 37425K [0x000000073e000000, 0x0000000741400000, 0x0000000743200000)
  object space 53248K, 70% used [0x000000073e000000,0x000000074048c788,0x0000000741400000)
Event: 11.019 GC heap after
Heap after GC invocations=10 (full 1):
 PSYoungGen      total 218624K, used 24135K [0x00000007c1080000, 0x00000007d0780000, 0x0000000800000000)
  eden space 190464K, 0% used [0x00000007c1080000,0x00000007c1080000,0x00000007cca80000)
  from space 28160K, 85% used [0x00000007cca80000,0x00000007ce211ea0,0x00000007ce600000)
  to   space 22016K, 0% used [0x00000007ce600000,0x00000007ce600000,0x00000007cfb80000)
 ParOldGen       total 174080K, used 61906K [0x0000000743200000, 0x000000074dc00000, 0x00000007c1080000)
  object space 174080K, 35% used [0x0000000743200000,0x0000000746e748f8,0x000000074dc00000)
 PSPermGen       total 53248K, used 37425K [0x000000073e000000, 0x0000000741400000, 0x0000000743200000)
  object space 53248K, 70% used [0x000000073e000000,0x000000074048c788,0x0000000741400000)
}

