# JRE version: Java(TM) SE Runtime Environment (7.0_80-b15) (build 1.7.0_80-b15)
# Java VM: Java HotSpot(TM) 64-Bit Server VM (24.80-b11 mixed mode windows-amd64 compressed oops)
Heap
 PSYoungGen      total 211456K, used 176892K [0x00000007c1080000, 0x00000007d0980000, 0x0000000800000000)
  eden space 189440K, 93% used [0x00000007c1080000,0x00000007cbd3f018,0x00000007cc980000)
  from space 22016K, 0% used [0x00000007ce600000,0x00000007ce600000,0x00000007cfb80000)
  to   space 29184K, 0% used [0x00000007cc980000,0x00000007cc980000,0x00000007ce600000)
 ParOldGen       total 163328K, used 60284K [0x0000000743200000, 0x000000074d180000, 0x00000007c1080000)
  object space 163328K, 36% used [0x0000000743200000,0x0000000746cdf380,0x000000074d180000)
 PSPermGen       total 36864K, used 36432K [0x000000073e000000, 0x0000000740400000, 0x0000000743200000)
  object space 36864K, 98% used [0x000000073e000000,0x0000000740394198,0x0000000740400000)
GC Heap History (10 events):
Event: 6.389 GC heap before
{Heap before GC invocations=5 (full 0):
 PSYoungGen      total 105984K, used 105964K [0x00000007c1080000, 0x00000007c7f80000, 0x0000000800000000)
  eden space 98304K, 100% used [0x00000007c1080000,0x00000007c7080000,0x00000007c7080000)
  from space 7680K, 99% used [0x00000007c7800000,0x00000007c7f7b3e0,0x00000007c7f80000)
  to   space 7680K, 0% used [0x00000007c7080000,0x00000007c7080000,0x00000007c7800000)
 ParOldGen       total 128512K, used 11650K [0x0000000743200000, 0x000000074af80000, 0x00000007c1080000)
  object space 128512K, 9% used [0x0000000743200000,0x0000000743d60bd8,0x000000074af80000)
 PSPermGen       total 26624K, used 26493K [0x000000073e000000, 0x000000073fa00000, 0x0000000743200000)
  object space 26624K, 99% used [0x000000073e000000,0x000000073f9df478,0x000000073fa00000)
Event: 6.407 GC heap after
Heap after GC invocations=5 (full 0):
 PSYoungGen      total 105984K, used 7672K [0x00000007c1080000, 0x00000007cfb80000, 0x0000000800000000)
  eden space 98304K, 0% used [0x00000007c1080000,0x00000007c1080000,0x00000007c7080000)
  from space 7680K, 99% used [0x00000007c7080000,0x00000007c77fe040,0x00000007c7800000)
  to   space 22016K, 0% used [0x00000007ce600000,0x00000007ce600000,0x00000007cfb80000)
 ParOldGen       total 128512K, used 25751K [0x0000000743200000, 0x000000074af80000, 0x00000007c1080000)
  object space 128512K, 20% used [0x0000000743200000,0x0000000744b25ce0,0x000000074af80000)
 PSPermGen       total 26624K, used 26493K [0x000000073e000000, 0x000000073fa00000, 0x0000000743200000)
  object space 26624K, 99% used [0x000000073e000000,0x000000073f9df478,0x000000073fa00000)
}
Event: 6.853 GC heap before
{Heap before GC invocations=6 (full 0):
 PSYoungGen      total 105984K, used 105976K [0x00000007c1080000, 0x00000007cfb80000, 0x0000000800000000)
  eden space 98304K, 100% used [0x00000007c1080000,0x00000007c7080000,0x00000007c7080000)
  from space 7680K, 99% used [0x00000007c7080000,0x00000007c77fe040,0x00000007c7800000)
  to   space 22016K, 0% used [0x00000007ce600000,0x00000007ce600000,0x00000007cfb80000)
 ParOldGen       total 128512K, used 25751K [0x0000000743200000, 0x000000074af80000, 0x00000007c1080000)
  object space 128512K, 20% used [0x0000000743200000,0x0000000744b25ce0,0x000000074af80000)
 PSPermGen       total 26624K, used 26522K [0x000000073e000000, 0x000000073fa00000, 0x0000000743200000)
  object space 26624K, 99% used [0x000000073e000000,0x000000073f9e6b48,0x000000073fa00000)
Event: 6.876 GC heap after
Heap after GC invocations=6 (full 0):
 PSYoungGen      total 211456K, used 21997K [0x00000007c1080000, 0x00000007d0980000, 0x0000000800000000)
  eden space 189440K, 0% used [0x00000007c1080000,0x00000007c1080000,0x00000007cc980000)
  from space 22016K, 99% used [0x00000007ce600000,0x00000007cfb7b430,0x00000007cfb80000)
  to   space 29184K, 0% used [0x00000007cc980000,0x00000007cc980000,0x00000007ce600000)
 ParOldGen       total 128512K, used 31729K [0x0000000743200000, 0x000000074af80000, 0x00000007c1080000)
  object space 128512K, 24% used [0x0000000743200000,0x00000007450fc680,0x000000074af80000)
 PSPermGen       total 26624K, used 26522K [0x000000073e000000, 0x000000073fa00000, 0x0000000743200000)
  object space 26624K, 99% used [0x000000073e000000,0x000000073f9e6b48,0x000000073fa00000)
}
Event: 7.760 GC heap before
{Heap before GC invocations=7 (full 0):
 PSYoungGen      total 211456K, used 211437K [0x00000007c1080000, 0x00000007d0980000, 0x0000000800000000)
  eden space 189440K, 100% used [0x00000007c1080000,0x00000007cc980000,0x00000007cc980000)
  from space 22016K, 99% used [0x00000007ce600000,0x00000007cfb7b430,0x00000007cfb80000)
  to   space 29184K, 0% used [0x00000007cc980000,0x00000007cc980000,0x00000007ce600000)
 ParOldGen       total 128512K, used 31729K [0x0000000743200000, 0x000000074af80000, 0x00000007c1080000)
  object space 128512K, 24% used [0x0000000743200000,0x00000007450fc680,0x000000074af80000)
 PSPermGen       total 26624K, used 26560K [0x000000073e000000, 0x000000073fa00000, 0x0000000743200000)
  object space 26624K, 99% used [0x000000073e000000,0x000000073f9f0160,0x000000073fa00000)
Event: 7.859 GC heap after
Heap after GC invocations=7 (full 0):
 PSYoungGen      total 218624K, used 29154K [0x00000007c1080000, 0x00000007d0980000, 0x0000000800000000)
  eden space 189440K, 0% used [0x00000007c1080000,0x00000007c1080000,0x00000007cc980000)
  from space 29184K, 99% used [0x00000007cc980000,0x00000007ce5f8ab8,0x00000007ce600000)
  to   space 22016K, 0% used [0x00000007ce600000,0x00000007ce600000,0x00000007cfb80000)
 ParOldGen       total 128512K, used 57805K [0x0000000743200000, 0x000000074af80000, 0x00000007c1080000)
  object space 128512K, 44% used [0x0000000743200000,0x0000000746a734d8,0x000000074af80000)
 PSPermGen       total 26624K, used 26560K [0x000000073e000000, 0x000000073fa00000, 0x0000000743200000)
  object space 26624K, 99% used [0x000000073e000000,0x000000073f9f0160,0x000000073fa00000)
}
Event: 8.725 GC heap before
{Heap before GC invocations=8 (full 0):
 PSYoungGen      total 218624K, used 218594K [0x00000007c1080000, 0x00000007d0980000, 0x0000000800000000)
  eden space 189440K, 100% used [0x00000007c1080000,0x00000007cc980000,0x00000007cc980000)
  from space 29184K, 99% used [0x00000007cc980000,0x00000007ce5f8ab8,0x00000007ce600000)
  to   space 22016K, 0% used [0x00000007ce600000,0x00000007ce600000,0x00000007cfb80000)
 ParOldGen       total 128512K, used 57805K [0x0000000743200000, 0x000000074af80000, 0x00000007c1080000)
  object space 128512K, 44% used [0x0000000743200000,0x0000000746a734d8,0x000000074af80000)
 PSPermGen       total 26624K, used 26570K [0x000000073e000000, 0x000000073fa00000, 0x0000000743200000)
  object space 26624K, 99% used [0x000000073e000000,0x000000073f9f2b88,0x000000073fa00000)
Event: 8.837 GC heap after
Heap after GC invocations=8 (full 0):
 PSYoungGen      total 211456K, used 21984K [0x00000007c1080000, 0x00000007d0980000, 0x0000000800000000)
  eden space 189440K, 0% used [0x00000007c1080000,0x00000007c1080000,0x00000007cc980000)
  from space 22016K, 99% used [0x00000007ce600000,0x00000007cfb78010,0x00000007cfb80000)
  to   space 29184K, 0% used [0x00000007cc980000,0x00000007cc980000,0x00000007ce600000)
 ParOldGen       total 128512K, used 103759K [0x0000000743200000, 0x000000074af80000, 0x00000007c1080000)
  object space 128512K, 80% used [0x0000000743200000,0x0000000749753c08,0x000000074af80000)
 PSPermGen       total 26624K, used 26570K [0x000000073e000000, 0x000000073fa00000, 0x0000000743200000)
  object space 26624K, 99% used [0x000000073e000000,0x000000073f9f2b88,0x000000073fa00000)
}
Event: 8.837 GC heap before
{Heap before GC invocations=9 (full 1):
 PSYoungGen      total 211456K, used 21984K [0x00000007c1080000, 0x00000007d0980000, 0x0000000800000000)
  eden space 189440K, 0% used [0x00000007c1080000,0x00000007c1080000,0x00000007cc980000)
  from space 22016K, 99% used [0x00000007ce600000,0x00000007cfb78010,0x00000007cfb80000)
  to   space 29184K, 0% used [0x00000007cc980000,0x00000007cc980000,0x00000007ce600000)
 ParOldGen       total 128512K, used 103759K [0x0000000743200000, 0x000000074af80000, 0x00000007c1080000)
  object space 128512K, 80% used [0x0000000743200000,0x0000000749753c08,0x000000074af80000)
 PSPermGen       total 26624K, used 26570K [0x000000073e000000, 0x000000073fa00000, 0x0000000743200000)
  object space 26624K, 99% used [0x000000073e000000,0x000000073f9f2b88,0x000000073fa00000)
Event: 9.100 GC heap after
Heap after GC invocations=9 (full 1):
 PSYoungGen      total 211456K, used 0K [0x00000007c1080000, 0x00000007d0980000, 0x0000000800000000)
  eden space 189440K, 0% used [0x00000007c1080000,0x00000007c1080000,0x00000007cc980000)
  from space 22016K, 0% used [0x00000007ce600000,0x00000007ce600000,0x00000007cfb80000)
  to   space 29184K, 0% used [0x00000007cc980000,0x00000007cc980000,0x00000007ce600000)
 ParOldGen       total 163328K, used 60284K [0x0000000743200000, 0x000000074d180000, 0x00000007c1080000)
  object space 163328K, 36% used [0x0000000743200000,0x0000000746cdf380,0x000000074d180000)
 PSPermGen       total 26624K, used 26558K [0x000000073e000000, 0x000000073fa00000, 0x0000000743200000)
  object space 26624K, 99% used [0x000000073e000000,0x000000073f9efb28,0x000000073fa00000)
}

