# JRE version: Java(TM) SE Runtime Environment (7.0_80-b15) (build 1.7.0_80-b15)
# Java VM: Java HotSpot(TM) 64-Bit Server VM (24.80-b11 mixed mode windows-amd64 compressed oops)
Heap
 PSYoungGen      total 324096K, used 195708K [0x00000007c1080000, 0x00000007d7880000, 0x0000000800000000)
  eden space 288768K, 56% used [0x00000007c1080000,0x00000007cb10ddb8,0x00000007d2a80000)
  from space 35328K, 88% used [0x00000007d5000000,0x00000007d6e91550,0x00000007d7280000)
  to   space 38400K, 0% used [0x00000007d2a80000,0x00000007d2a80000,0x00000007d5000000)
 ParOldGen       total 128512K, used 35630K [0x0000000743200000, 0x000000074af80000, 0x00000007c1080000)
  object space 128512K, 27% used [0x0000000743200000,0x00000007454cb948,0x000000074af80000)
 PSPermGen       total 46592K, used 46572K [0x000000073e000000, 0x0000000740d80000, 0x0000000743200000)
  object space 46592K, 99% used [0x000000073e000000,0x0000000740d7b3f8,0x0000000740d80000)
GC Heap History (10 events):
Event: 24.680 GC heap before
{Heap before GC invocations=6 (full 0):
 PSYoungGen      total 102912K, used 102880K [0x00000007c1080000, 0x00000007c9880000, 0x0000000800000000)
  eden space 95232K, 100% used [0x00000007c1080000,0x00000007c6d80000,0x00000007c6d80000)
  from space 7680K, 99% used [0x00000007c7080000,0x00000007c77f8010,0x00000007c7800000)
  to   space 22016K, 0% used [0x00000007c8300000,0x00000007c8300000,0x00000007c9880000)
 ParOldGen       total 128512K, used 25398K [0x0000000743200000, 0x000000074af80000, 0x00000007c1080000)
  object space 128512K, 19% used [0x0000000743200000,0x0000000744acdb88,0x000000074af80000)
 PSPermGen       total 26624K, used 26532K [0x000000073e000000, 0x000000073fa00000, 0x0000000743200000)
  object space 26624K, 99% used [0x000000073e000000,0x000000073f9e9150,0x000000073fa00000)
Event: 24.723 GC heap after
Heap after GC invocations=6 (full 0):
 PSYoungGen      total 113664K, used 21527K [0x00000007c1080000, 0x00000007cfc80000, 0x0000000800000000)
  eden space 91648K, 0% used [0x00000007c1080000,0x00000007c1080000,0x00000007c6a00000)
  from space 22016K, 97% used [0x00000007c8300000,0x00000007c9805dc8,0x00000007c9880000)
  to   space 25600K, 0% used [0x00000007c6a00000,0x00000007c6a00000,0x00000007c8300000)
 ParOldGen       total 128512K, used 25406K [0x0000000743200000, 0x000000074af80000, 0x00000007c1080000)
  object space 128512K, 19% used [0x0000000743200000,0x0000000744acfb88,0x000000074af80000)
 PSPermGen       total 26624K, used 26532K [0x000000073e000000, 0x000000073fa00000, 0x0000000743200000)
  object space 26624K, 99% used [0x000000073e000000,0x000000073f9e9150,0x000000073fa00000)
}
Event: 25.748 GC heap before
{Heap before GC invocations=7 (full 0):
 PSYoungGen      total 113664K, used 113175K [0x00000007c1080000, 0x00000007cfc80000, 0x0000000800000000)
  eden space 91648K, 100% used [0x00000007c1080000,0x00000007c6a00000,0x00000007c6a00000)
  from space 22016K, 97% used [0x00000007c8300000,0x00000007c9805dc8,0x00000007c9880000)
  to   space 25600K, 0% used [0x00000007c6a00000,0x00000007c6a00000,0x00000007c8300000)
 ParOldGen       total 128512K, used 25406K [0x0000000743200000, 0x000000074af80000, 0x00000007c1080000)
  object space 128512K, 19% used [0x0000000743200000,0x0000000744acfb88,0x000000074af80000)
 PSPermGen       total 26624K, used 26540K [0x000000073e000000, 0x000000073fa00000, 0x0000000743200000)
  object space 26624K, 99% used [0x000000073e000000,0x000000073f9eb380,0x000000073fa00000)
Event: 25.769 GC heap after
Heap after GC invocations=7 (full 0):
 PSYoungGen      total 117248K, used 21960K [0x00000007c1080000, 0x00000007cf980000, 0x0000000800000000)
  eden space 91648K, 0% used [0x00000007c1080000,0x00000007c1080000,0x00000007c6a00000)
  from space 25600K, 85% used [0x00000007c6a00000,0x00000007c7f72328,0x00000007c8300000)
  to   space 27648K, 0% used [0x00000007cde80000,0x00000007cde80000,0x00000007cf980000)
 ParOldGen       total 128512K, used 27025K [0x0000000743200000, 0x000000074af80000, 0x00000007c1080000)
  object space 128512K, 21% used [0x0000000743200000,0x0000000744c64408,0x000000074af80000)
 PSPermGen       total 26624K, used 26540K [0x000000073e000000, 0x000000073fa00000, 0x0000000743200000)
  object space 26624K, 99% used [0x000000073e000000,0x000000073f9eb380,0x000000073fa00000)
}
Event: 26.871 GC heap before
{Heap before GC invocations=8 (full 0):
 PSYoungGen      total 117248K, used 113608K [0x00000007c1080000, 0x00000007cf980000, 0x0000000800000000)
  eden space 91648K, 100% used [0x00000007c1080000,0x00000007c6a00000,0x00000007c6a00000)
  from space 25600K, 85% used [0x00000007c6a00000,0x00000007c7f72328,0x00000007c8300000)
  to   space 27648K, 0% used [0x00000007cde80000,0x00000007cde80000,0x00000007cf980000)
 ParOldGen       total 128512K, used 27025K [0x0000000743200000, 0x000000074af80000, 0x00000007c1080000)
  object space 128512K, 21% used [0x0000000743200000,0x0000000744c64408,0x000000074af80000)
 PSPermGen       total 26624K, used 26559K [0x000000073e000000, 0x000000073fa00000, 0x0000000743200000)
  object space 26624K, 99% used [0x000000073e000000,0x000000073f9efd58,0x000000073fa00000)
Event: 26.912 GC heap after
Heap after GC invocations=8 (full 0):
 PSYoungGen      total 209920K, used 21281K [0x00000007c1080000, 0x00000007cfb80000, 0x0000000800000000)
  eden space 182272K, 0% used [0x00000007c1080000,0x00000007c1080000,0x00000007cc280000)
  from space 27648K, 76% used [0x00000007cde80000,0x00000007cf348728,0x00000007cf980000)
  to   space 28672K, 0% used [0x00000007cc280000,0x00000007cc280000,0x00000007cde80000)
 ParOldGen       total 128512K, used 29201K [0x0000000743200000, 0x000000074af80000, 0x00000007c1080000)
  object space 128512K, 22% used [0x0000000743200000,0x0000000744e84408,0x000000074af80000)
 PSPermGen       total 26624K, used 26559K [0x000000073e000000, 0x000000073fa00000, 0x0000000743200000)
  object space 26624K, 99% used [0x000000073e000000,0x000000073f9efd58,0x000000073fa00000)
}
Event: 27.975 GC heap before
{Heap before GC invocations=9 (full 0):
 PSYoungGen      total 209920K, used 203553K [0x00000007c1080000, 0x00000007cfb80000, 0x0000000800000000)
  eden space 182272K, 100% used [0x00000007c1080000,0x00000007cc280000,0x00000007cc280000)
  from space 27648K, 76% used [0x00000007cde80000,0x00000007cf348728,0x00000007cf980000)
  to   space 28672K, 0% used [0x00000007cc280000,0x00000007cc280000,0x00000007cde80000)
 ParOldGen       total 128512K, used 29201K [0x0000000743200000, 0x000000074af80000, 0x00000007c1080000)
  object space 128512K, 22% used [0x0000000743200000,0x0000000744e84408,0x000000074af80000)
 PSPermGen       total 26624K, used 26563K [0x000000073e000000, 0x000000073fa00000, 0x0000000743200000)
  object space 26624K, 99% used [0x000000073e000000,0x000000073f9f0e18,0x000000073fa00000)
Event: 28.009 GC heap after
Heap after GC invocations=9 (full 0):
 PSYoungGen      total 210944K, used 28641K [0x00000007c1080000, 0x00000007d7280000, 0x0000000800000000)
  eden space 182272K, 0% used [0x00000007c1080000,0x00000007c1080000,0x00000007cc280000)
  from space 28672K, 99% used [0x00000007cc280000,0x00000007cde786d0,0x00000007cde80000)
  to   space 35328K, 0% used [0x00000007d5000000,0x00000007d5000000,0x00000007d7280000)
 ParOldGen       total 128512K, used 35317K [0x0000000743200000, 0x000000074af80000, 0x00000007c1080000)
  object space 128512K, 27% used [0x0000000743200000,0x000000074547d548,0x000000074af80000)
 PSPermGen       total 26624K, used 26563K [0x000000073e000000, 0x000000073fa00000, 0x0000000743200000)
  object space 26624K, 99% used [0x000000073e000000,0x000000073f9f0e18,0x000000073fa00000)
}
Event: 38.171 GC heap before
{Heap before GC invocations=10 (full 0):
 PSYoungGen      total 210944K, used 210913K [0x00000007c1080000, 0x00000007d7280000, 0x0000000800000000)
  eden space 182272K, 100% used [0x00000007c1080000,0x00000007cc280000,0x00000007cc280000)
  from space 28672K, 99% used [0x00000007cc280000,0x00000007cde786d0,0x00000007cde80000)
  to   space 35328K, 0% used [0x00000007d5000000,0x00000007d5000000,0x00000007d7280000)
 ParOldGen       total 128512K, used 35317K [0x0000000743200000, 0x000000074af80000, 0x00000007c1080000)
  object space 128512K, 27% used [0x0000000743200000,0x000000074547d548,0x000000074af80000)
 PSPermGen       total 36352K, used 36077K [0x000000073e000000, 0x0000000740380000, 0x0000000743200000)
  object space 36352K, 99% used [0x000000073e000000,0x000000074033b598,0x0000000740380000)
Event: 38.206 GC heap after
Heap after GC invocations=10 (full 0):
 PSYoungGen      total 324096K, used 31301K [0x00000007c1080000, 0x00000007d7880000, 0x0000000800000000)
  eden space 288768K, 0% used [0x00000007c1080000,0x00000007c1080000,0x00000007d2a80000)
  from space 35328K, 88% used [0x00000007d5000000,0x00000007d6e91550,0x00000007d7280000)
  to   space 38400K, 0% used [0x00000007d2a80000,0x00000007d2a80000,0x00000007d5000000)
 ParOldGen       total 128512K, used 35630K [0x0000000743200000, 0x000000074af80000, 0x00000007c1080000)
  object space 128512K, 27% used [0x0000000743200000,0x00000007454cb948,0x000000074af80000)
 PSPermGen       total 36352K, used 36077K [0x000000073e000000, 0x0000000740380000, 0x0000000743200000)
  object space 36352K, 99% used [0x000000073e000000,0x000000074033b598,0x0000000740380000)
}

